Info : CMSIS-DAP: SWD  Supported
Info : CMSIS-DAP: Interface Initialised (SWD)
Info : CMSIS-DAP: FW Version = 1.0
Info : SWCLK/TCK = 0 SWDIO/TMS = 1 TDI = 0 TDO = 0 nTRST = 0 nRESET = 1
Info : CMSIS-DAP: Interface ready
Info : clock speed 1000 kHz
Info : SWD DPIDR 0x2ba01477
Info : MDM: Chip is unsecured. Continuing.
Info : kl64.cpu: hardware has 6 breakpoints, 4 watchpoints
Info : accepting 'gdb' connection from pipe
Info : Probing flash info for bank 0
undefined debug reason 7 - target needs reset
Info : MDM: Chip is unsecured. Continuing.
target halted due to debug-request, current mode: Thread 
xPSR: 0x01000000 pc: 0x00002140 msp: 0x20030000
Info : MDM: Chip is unsecured. Continuing.
target halted due to debug-request, current mode: Thread 
xPSR: 0x01000000 pc: 0x00002140 msp: 0x20030000
Info : Padding image section 0 with 616 bytes
Warn : Flash Configuration Field written.
Warn : Reset or power off the device to make settings effective.
Warn : keep_alive() was not invoked in the 1000ms timelimit. GDB alive packet not sent! (1024). Workaround: increase "set remotetimeout" in GDB
Info : MDM: Chip is unsecured. Continuing.
target halted due to debug-request, current mode: Thread 
xPSR: 0x01000000 pc: 0x000020c4 msp: 0x20030000
